<?xml version="1.0" encoding="UTF-8"?>
<!-- Generated by org.testng.reporters.JUnitXMLReporter -->
<testsuite ignored="1" hostname="LAPTOP-QSU02975" failures="0" tests="4" name="TestClass1" time="0.522" errors="0" timestamp="2025-12-13T22:38:27 IST">
  <testcase classname="KairavAcademy.SeleniumJava.TestClass1" name="testCase2" time="0.008"/>
  <testcase classname="KairavAcademy.SeleniumJava.TestClass1" name="testcase1" time="0.248"/>
  <testcase classname="KairavAcademy.SeleniumJava.TestClass1" name="testcase3" time="0.003"/>
  <testcase classname="KairavAcademy.SeleniumJava.TestClass1" name="testcase3" time="0.008"/>
  <testcase classname="KairavAcademy.SeleniumJava.TestClass1" name="testcase4" time="0.0">
    <ignored/>
  </testcase> <!-- testcase4 -->
</testsuite> <!-- TestClass1 -->
