<?xml version="1.0" encoding="UTF-8"?>
<!-- Generated by org.testng.reporters.JUnitReportReporter -->
<testsuite hostname="LAPTOP-QSU02975" failures="0" tests="5" name="KairavAcademy.SeleniumJava.TestClass1" time="0.452" errors="0" timestamp="2025-12-13T22:38:27 IST" skipped="1">
  <testcase classname="KairavAcademy.SeleniumJava.TestClass1" name="testcase3" time="0.191"/>
  <testcase classname="KairavAcademy.SeleniumJava.TestClass1" name="testcase1" time="0.249"/>
  <testcase classname="KairavAcademy.SeleniumJava.TestClass1" name="testCase2" time="0.008"/>
  <testcase classname="KairavAcademy.SeleniumJava.TestClass1" name="testcase3" time="0.004"/>
  <testcase classname="KairavAcademy.SeleniumJava.TestClass1" name="testcase4">
    <skipped/>
  </testcase> <!-- testcase4 -->
</testsuite> <!-- KairavAcademy.SeleniumJava.TestClass1 -->
