<?xml version="1.0" encoding="UTF-8"?>
<!-- Generated by org.testng.reporters.JUnitReportReporter -->
<testsuite hostname="LAPTOP-QSU02975" failures="0" tests="2" name="KairavAcademy.SeleniumJava.TestClass2" time="0.005" errors="0" timestamp="2025-12-13T22:38:27 IST" skipped="0">
  <testcase classname="KairavAcademy.SeleniumJava.TestClass2" name="testCase5" time="0.002"/>
  <testcase classname="KairavAcademy.SeleniumJava.TestClass2" name="testCase6" time="0.003"/>
</testsuite> <!-- KairavAcademy.SeleniumJava.TestClass2 -->
